Criterion:Ansari_exact
Variants=37
Size=37
6 ;  12 ;  
1:  12.000000000000      0.000053867701
2:  13.000000000000      0.000269338505
3:  14.000000000000      0.000754147813
4:  15.000000000000      0.001831501832
5:  16.000000000000      0.003878474467
6:  17.000000000000      0.007541478130
7:  18.000000000000      0.013520792933
8:  19.000000000000      0.022786037492
9:  20.000000000000      0.036360698125
10:  21.000000000000      0.055537599655
11:  22.000000000000      0.081017022193
12:  23.000000000000      0.113984055161
13:  24.000000000000      0.154869640164
14:  25.000000000000      0.203781512605
15:  26.000000000000      0.260180995475
16:  27.000000000000      0.323529411765
17:  28.000000000000      0.391833656540
18:  29.000000000000      0.463585434174
19:  30.000000000000      0.536414565826
20:  31.000000000000      0.608166343460
21:  32.000000000000      0.676470588235
22:  33.000000000000      0.739819004525
23:  34.000000000000      0.796218487395
24:  35.000000000000      0.845130359836
25:  36.000000000000      0.886015944839
26:  37.000000000000      0.918982977807
27:  38.000000000000      0.944462400345
28:  39.000000000000      0.963639301875
29:  40.000000000000      0.977213962508
30:  41.000000000000      0.986479207067
31:  42.000000000000      0.992458521870
32:  43.000000000000      0.996121525533
33:  44.000000000000      0.998168498168
34:  45.000000000000      0.999245852187
35:  46.000000000000      0.999730661495
36:  47.000000000000      0.999946132299
37:  48.000000000000      1.000000000000
